1 of 840 done
2 of 840 done
3 of 840 done
4 of 840 done
5 of 840 done
6 of 840 done
7 of 840 done
8 of 840 done
9 of 840 done
10 of 840 done
11 of 840 done
12 of 840 done
13 of 840 done
14 of 840 done
15 of 840 done
16 of 840 done
17 of 840 done
18 of 840 done
19 of 840 done
20 of 840 done
21 of 840 done
22 of 840 done
23 of 840 done
24 of 840 done
25 of 840 done
26 of 840 done
27 of 840 done
28 of 840 done
29 of 840 done
30 of 840 done
31 of 840 done
32 of 840 done
33 of 840 done
34 of 840 done
35 of 840 done
36 of 840 done
37 of 840 done
38 of 840 done
39 of 840 done
40 of 840 done
41 of 840 done
42 of 840 done
43 of 840 done
44 of 840 done
45 of 840 done
46 of 840 done
47 of 840 done
48 of 840 done
49 of 840 done
50 of 840 done
51 of 840 done
52 of 840 done
53 of 840 done
54 of 840 done
55 of 840 done
56 of 840 done
57 of 840 done
58 of 840 done
59 of 840 done
60 of 840 done
61 of 840 done
62 of 840 done
63 of 840 done
64 of 840 done
65 of 840 done
66 of 840 done
67 of 840 done
68 of 840 done
69 of 840 done
70 of 840 done
71 of 840 done
72 of 840 done
73 of 840 done
74 of 840 done
75 of 840 done
76 of 840 done
77 of 840 done
78 of 840 done
79 of 840 done
80 of 840 done
81 of 840 done
82 of 840 done
83 of 840 done
84 of 840 done
85 of 840 done
86 of 840 done
87 of 840 done
88 of 840 done
89 of 840 done
90 of 840 done
91 of 840 done
92 of 840 done
93 of 840 done
94 of 840 done
95 of 840 done
96 of 840 done
97 of 840 done
98 of 840 done
99 of 840 done
100 of 840 done
101 of 840 done
102 of 840 done
103 of 840 done
104 of 840 done
105 of 840 done
106 of 840 done
107 of 840 done
108 of 840 done
109 of 840 done
110 of 840 done
111 of 840 done
112 of 840 done
113 of 840 done
114 of 840 done
115 of 840 done
116 of 840 done
117 of 840 done
118 of 840 done
119 of 840 done
120 of 840 done
121 of 840 done
122 of 840 done
123 of 840 done
124 of 840 done
125 of 840 done
126 of 840 done
127 of 840 done
128 of 840 done
129 of 840 done
130 of 840 done
131 of 840 done
132 of 840 done
133 of 840 done
134 of 840 done
135 of 840 done
136 of 840 done
137 of 840 done
138 of 840 done
139 of 840 done
140 of 840 done
141 of 840 done
142 of 840 done
143 of 840 done
144 of 840 done
145 of 840 done
146 of 840 done
147 of 840 done
148 of 840 done
149 of 840 done
150 of 840 done
151 of 840 done
152 of 840 done
153 of 840 done
154 of 840 done
155 of 840 done
156 of 840 done
157 of 840 done
158 of 840 done
159 of 840 done
160 of 840 done
161 of 840 done
162 of 840 done
163 of 840 done
164 of 840 done
165 of 840 done
166 of 840 done
167 of 840 done
168 of 840 done
169 of 840 done
170 of 840 done
171 of 840 done
172 of 840 done
173 of 840 done
174 of 840 done
175 of 840 done
176 of 840 done
177 of 840 done
178 of 840 done
179 of 840 done
180 of 840 done
181 of 840 done
182 of 840 done
183 of 840 done
184 of 840 done
185 of 840 done
186 of 840 done
187 of 840 done
188 of 840 done
189 of 840 done
190 of 840 done
191 of 840 done
192 of 840 done
193 of 840 done
194 of 840 done
195 of 840 done
196 of 840 done
197 of 840 done
198 of 840 done
199 of 840 done
200 of 840 done
201 of 840 done
202 of 840 done
203 of 840 done
204 of 840 done
205 of 840 done
206 of 840 done
207 of 840 done
208 of 840 done
209 of 840 done
210 of 840 done
211 of 840 done
212 of 840 done
213 of 840 done
214 of 840 done
215 of 840 done
216 of 840 done
217 of 840 done
218 of 840 done
219 of 840 done
220 of 840 done
221 of 840 done
222 of 840 done
223 of 840 done
224 of 840 done
225 of 840 done
226 of 840 done
227 of 840 done
228 of 840 done
229 of 840 done
230 of 840 done
231 of 840 done
232 of 840 done
233 of 840 done
234 of 840 done
235 of 840 done
236 of 840 done
237 of 840 done
238 of 840 done
239 of 840 done
240 of 840 done
241 of 840 done
242 of 840 done
243 of 840 done
244 of 840 done
245 of 840 done
246 of 840 done
247 of 840 done
248 of 840 done
249 of 840 done
250 of 840 done
251 of 840 done
252 of 840 done
253 of 840 done
254 of 840 done
255 of 840 done
256 of 840 done
257 of 840 done
258 of 840 done
259 of 840 done
260 of 840 done
261 of 840 done
262 of 840 done
263 of 840 done
264 of 840 done
265 of 840 done
266 of 840 done
267 of 840 done
268 of 840 done
269 of 840 done
270 of 840 done
271 of 840 done
272 of 840 done
273 of 840 done
274 of 840 done
275 of 840 done
276 of 840 done
277 of 840 done
278 of 840 done
279 of 840 done
280 of 840 done
281 of 840 done
282 of 840 done
283 of 840 done
284 of 840 done
285 of 840 done
286 of 840 done
287 of 840 done
288 of 840 done
289 of 840 done
290 of 840 done
291 of 840 done
292 of 840 done
293 of 840 done
294 of 840 done
295 of 840 done
296 of 840 done
297 of 840 done
298 of 840 done
299 of 840 done
300 of 840 done
301 of 840 done
302 of 840 done
303 of 840 done
304 of 840 done
305 of 840 done
306 of 840 done
307 of 840 done
308 of 840 done
309 of 840 done
310 of 840 done
311 of 840 done
312 of 840 done
313 of 840 done
314 of 840 done
315 of 840 done
316 of 840 done
317 of 840 done
318 of 840 done
319 of 840 done
320 of 840 done
321 of 840 done
322 of 840 done
323 of 840 done
324 of 840 done
325 of 840 done
326 of 840 done
327 of 840 done
328 of 840 done
329 of 840 done
330 of 840 done
331 of 840 done
332 of 840 done
333 of 840 done
334 of 840 done
335 of 840 done
336 of 840 done
337 of 840 done
338 of 840 done
339 of 840 done
340 of 840 done
341 of 840 done
342 of 840 done
343 of 840 done
344 of 840 done
345 of 840 done
346 of 840 done
347 of 840 done
348 of 840 done
349 of 840 done
350 of 840 done
351 of 840 done
352 of 840 done
353 of 840 done
354 of 840 done
355 of 840 done
356 of 840 done
357 of 840 done
358 of 840 done
359 of 840 done
360 of 840 done
361 of 840 done
362 of 840 done
363 of 840 done
364 of 840 done
365 of 840 done
366 of 840 done
367 of 840 done
368 of 840 done
369 of 840 done
370 of 840 done
371 of 840 done
372 of 840 done
373 of 840 done
374 of 840 done
375 of 840 done
376 of 840 done
377 of 840 done
378 of 840 done
379 of 840 done
380 of 840 done
381 of 840 done
382 of 840 done
383 of 840 done
384 of 840 done
385 of 840 done
386 of 840 done
387 of 840 done
388 of 840 done
389 of 840 done
390 of 840 done
391 of 840 done
392 of 840 done
393 of 840 done
394 of 840 done
395 of 840 done
396 of 840 done
397 of 840 done
398 of 840 done
399 of 840 done
400 of 840 done
401 of 840 done
402 of 840 done
403 of 840 done
404 of 840 done
405 of 840 done
406 of 840 done
407 of 840 done
408 of 840 done
409 of 840 done
410 of 840 done
411 of 840 done
412 of 840 done
413 of 840 done
414 of 840 done
415 of 840 done
416 of 840 done
417 of 840 done
418 of 840 done
419 of 840 done
420 of 840 done
421 of 840 done
422 of 840 done
423 of 840 done
424 of 840 done
425 of 840 done
426 of 840 done
427 of 840 done
428 of 840 done
429 of 840 done
430 of 840 done
431 of 840 done
432 of 840 done
433 of 840 done
434 of 840 done
435 of 840 done
436 of 840 done
437 of 840 done
438 of 840 done
439 of 840 done
440 of 840 done
441 of 840 done
442 of 840 done
443 of 840 done
444 of 840 done
445 of 840 done
446 of 840 done
447 of 840 done
448 of 840 done
449 of 840 done
450 of 840 done
451 of 840 done
452 of 840 done
453 of 840 done
454 of 840 done
455 of 840 done
456 of 840 done
457 of 840 done
458 of 840 done
459 of 840 done
460 of 840 done
461 of 840 done
462 of 840 done
463 of 840 done
464 of 840 done
465 of 840 done
466 of 840 done
467 of 840 done
468 of 840 done
469 of 840 done
470 of 840 done
471 of 840 done
472 of 840 done
473 of 840 done
474 of 840 done
475 of 840 done
476 of 840 done
477 of 840 done
478 of 840 done
479 of 840 done
480 of 840 done
481 of 840 done
482 of 840 done
483 of 840 done
484 of 840 done
485 of 840 done
486 of 840 done
487 of 840 done
488 of 840 done
489 of 840 done
490 of 840 done
491 of 840 done
492 of 840 done
493 of 840 done
494 of 840 done
495 of 840 done
496 of 840 done
497 of 840 done
498 of 840 done
499 of 840 done
500 of 840 done
501 of 840 done
502 of 840 done
503 of 840 done
504 of 840 done
505 of 840 done
506 of 840 done
507 of 840 done
508 of 840 done
509 of 840 done
510 of 840 done
511 of 840 done
512 of 840 done
513 of 840 done
514 of 840 done
515 of 840 done
516 of 840 done
517 of 840 done
518 of 840 done
519 of 840 done
520 of 840 done
521 of 840 done
522 of 840 done
523 of 840 done
524 of 840 done
525 of 840 done
526 of 840 done
527 of 840 done
528 of 840 done
529 of 840 done
530 of 840 done
531 of 840 done
532 of 840 done
533 of 840 done
534 of 840 done
535 of 840 done
536 of 840 done
537 of 840 done
538 of 840 done
539 of 840 done
540 of 840 done
541 of 840 done
542 of 840 done
543 of 840 done
544 of 840 done
545 of 840 done
546 of 840 done
547 of 840 done
548 of 840 done
549 of 840 done
550 of 840 done
551 of 840 done
552 of 840 done
553 of 840 done
554 of 840 done
555 of 840 done
556 of 840 done
557 of 840 done
558 of 840 done
559 of 840 done
560 of 840 done
561 of 840 done
562 of 840 done
563 of 840 done
564 of 840 done
565 of 840 done
566 of 840 done
567 of 840 done
568 of 840 done
569 of 840 done
570 of 840 done
571 of 840 done
572 of 840 done
573 of 840 done
574 of 840 done
575 of 840 done
576 of 840 done
577 of 840 done
578 of 840 done
579 of 840 done
580 of 840 done
581 of 840 done
582 of 840 done
583 of 840 done
584 of 840 done
585 of 840 done
586 of 840 done
587 of 840 done
588 of 840 done
589 of 840 done
590 of 840 done
591 of 840 done
592 of 840 done
593 of 840 done
594 of 840 done
595 of 840 done
596 of 840 done
597 of 840 done
598 of 840 done
599 of 840 done
600 of 840 done
601 of 840 done
602 of 840 done
603 of 840 done
604 of 840 done
605 of 840 done
606 of 840 done
607 of 840 done
608 of 840 done
609 of 840 done
610 of 840 done
611 of 840 done
612 of 840 done
613 of 840 done
614 of 840 done
615 of 840 done
616 of 840 done
617 of 840 done
618 of 840 done
619 of 840 done
620 of 840 done
621 of 840 done
622 of 840 done
623 of 840 done
624 of 840 done
625 of 840 done
626 of 840 done
627 of 840 done
628 of 840 done
629 of 840 done
630 of 840 done
631 of 840 done
632 of 840 done
633 of 840 done
634 of 840 done
635 of 840 done
636 of 840 done
637 of 840 done
638 of 840 done
639 of 840 done
640 of 840 done
641 of 840 done
642 of 840 done
643 of 840 done
644 of 840 done
645 of 840 done
646 of 840 done
647 of 840 done
648 of 840 done
649 of 840 done
650 of 840 done
651 of 840 done
652 of 840 done
653 of 840 done
654 of 840 done
655 of 840 done
656 of 840 done
657 of 840 done
658 of 840 done
659 of 840 done
660 of 840 done
661 of 840 done
662 of 840 done
663 of 840 done
664 of 840 done
665 of 840 done
666 of 840 done
667 of 840 done
668 of 840 done
669 of 840 done
670 of 840 done
671 of 840 done
672 of 840 done
673 of 840 done
674 of 840 done
675 of 840 done
676 of 840 done
677 of 840 done
678 of 840 done
679 of 840 done
680 of 840 done
681 of 840 done
682 of 840 done
683 of 840 done
684 of 840 done
685 of 840 done
686 of 840 done
687 of 840 done
688 of 840 done
689 of 840 done
690 of 840 done
691 of 840 done
692 of 840 done
693 of 840 done
694 of 840 done
695 of 840 done
696 of 840 done
697 of 840 done
698 of 840 done
699 of 840 done
700 of 840 done
701 of 840 done
702 of 840 done
703 of 840 done
704 of 840 done
705 of 840 done
706 of 840 done
707 of 840 done
708 of 840 done
709 of 840 done
710 of 840 done
711 of 840 done
712 of 840 done
713 of 840 done
714 of 840 done
715 of 840 done
716 of 840 done
717 of 840 done
718 of 840 done
719 of 840 done
720 of 840 done
721 of 840 done
722 of 840 done
723 of 840 done
724 of 840 done
725 of 840 done
726 of 840 done
727 of 840 done
728 of 840 done
729 of 840 done
730 of 840 done
731 of 840 done
732 of 840 done
733 of 840 done
734 of 840 done
735 of 840 done
736 of 840 done
737 of 840 done
738 of 840 done
739 of 840 done
740 of 840 done
741 of 840 done
742 of 840 done
743 of 840 done
744 of 840 done
745 of 840 done
746 of 840 done
747 of 840 done
748 of 840 done
749 of 840 done
750 of 840 done
751 of 840 done
752 of 840 done
753 of 840 done
754 of 840 done
755 of 840 done
756 of 840 done
757 of 840 done
758 of 840 done
759 of 840 done
760 of 840 done
761 of 840 done
762 of 840 done
763 of 840 done
764 of 840 done
765 of 840 done
766 of 840 done
767 of 840 done
768 of 840 done
769 of 840 done
770 of 840 done
771 of 840 done
772 of 840 done
773 of 840 done
774 of 840 done
775 of 840 done
776 of 840 done
777 of 840 done
778 of 840 done
779 of 840 done
780 of 840 done
781 of 840 done
782 of 840 done
783 of 840 done
784 of 840 done
785 of 840 done
786 of 840 done
787 of 840 done
788 of 840 done
789 of 840 done
790 of 840 done
791 of 840 done
792 of 840 done
793 of 840 done
794 of 840 done
795 of 840 done
796 of 840 done
797 of 840 done
798 of 840 done
799 of 840 done
800 of 840 done
801 of 840 done
802 of 840 done
803 of 840 done
804 of 840 done
805 of 840 done
806 of 840 done
807 of 840 done
808 of 840 done
809 of 840 done
810 of 840 done
811 of 840 done
812 of 840 done
813 of 840 done
814 of 840 done
815 of 840 done
816 of 840 done
817 of 840 done
818 of 840 done
819 of 840 done
820 of 840 done
821 of 840 done
822 of 840 done
823 of 840 done
824 of 840 done
825 of 840 done
826 of 840 done
827 of 840 done
828 of 840 done
829 of 840 done
830 of 840 done
831 of 840 done
832 of 840 done
833 of 840 done
834 of 840 done
835 of 840 done
836 of 840 done
837 of 840 done
838 of 840 done
839 of 840 done
840 of 840 done
